INFO:root:faces: 1 at 2020-06-19 11:20:06.628437
INFO:root:faces: 0 at 2020-06-19 11:20:06.656434
INFO:root:faces: 1 at 2020-06-19 11:20:08.833468
INFO:root:faces: 0 at 2020-06-19 11:20:08.896133
INFO:root:faces: 1 at 2020-06-19 11:20:08.962462
INFO:root:faces: 0 at 2020-06-19 11:20:09.024493
INFO:root:faces: 1 at 2020-06-19 11:20:20.428608
INFO:root:faces: 0 at 2020-06-19 11:20:21.494694
INFO:root:faces: 1 at 2020-06-19 11:20:21.598701
INFO:root:faces: 0 at 2020-06-19 11:20:21.704710
INFO:root:faces: 1 at 2020-06-19 11:20:21.903726
INFO:root:faces: 0 at 2020-06-19 11:20:22.748792
INFO:root:faces: 1 at 2020-06-19 11:20:22.951810
INFO:root:faces: 0 at 2020-06-19 11:20:23.481853
INFO:root:faces: 1 at 2020-06-19 11:20:23.564859
INFO:root:faces: 2 at 2020-06-19 11:20:23.659865
INFO:root:faces: 1 at 2020-06-19 11:20:23.856881
INFO:root:faces: 0 at 2020-06-19 11:20:23.944889
INFO:root:faces: 1 at 2020-06-19 11:20:25.333550
INFO:root:faces: 0 at 2020-06-19 11:20:25.513564
INFO:root:faces: 1 at 2020-06-19 11:20:25.773583
INFO:root:faces: 0 at 2020-06-19 11:20:25.849590
INFO:root:faces: 1 at 2020-06-19 11:20:26.071609
INFO:root:faces: 0 at 2020-06-19 11:20:26.141614
INFO:root:faces: 1 at 2020-06-19 11:20:26.208618
INFO:root:faces: 0 at 2020-06-19 11:20:26.350630
INFO:root:faces: 1 at 2020-06-19 11:20:27.194696
INFO:root:faces: 0 at 2020-06-19 11:20:27.473720
INFO:root:faces: 1 at 2020-06-19 11:20:27.622738
INFO:root:faces: 0 at 2020-06-19 11:20:37.658240
INFO:root:faces: 1 at 2020-06-19 11:20:37.976265
INFO:root:faces: 0 at 2020-06-19 11:20:38.051271
INFO:root:faces: 1 at 2020-06-19 11:20:38.674321
INFO:root:faces: 0 at 2020-06-19 11:20:38.753328
INFO:root:faces: 1 at 2020-06-19 11:20:39.283371
INFO:root:faces: 0 at 2020-06-19 11:20:39.364375
INFO:root:faces: 1 at 2020-06-19 11:20:39.932428
INFO:root:faces: 0 at 2020-06-19 11:20:40.008427
INFO:root:faces: 1 at 2020-06-19 11:20:43.545710
INFO:root:faces: 0 at 2020-06-19 11:20:43.631716
INFO:root:faces: 1 at 2020-06-19 11:20:43.713725
INFO:root:faces: 0 at 2020-06-19 11:20:43.788729
INFO:root:faces: 1 at 2020-06-19 11:20:43.932741
INFO:root:faces: 2 at 2020-06-19 11:20:44.017747
INFO:root:faces: 1 at 2020-06-19 11:20:44.088753
INFO:root:faces: 0 at 2020-06-19 11:20:44.219763
INFO:root:faces: 1 at 2020-06-19 11:20:44.409780
INFO:root:faces: 0 at 2020-06-19 11:20:44.558790
INFO:root:faces: 1 at 2020-06-19 11:20:56.019711
INFO:root:faces: 0 at 2020-06-19 11:20:59.807011
INFO:root:faces: 1 at 2020-06-19 11:21:00.377056
INFO:root:faces: 0 at 2020-06-19 11:21:04.920588
INFO:root:faces: 1 at 2020-06-19 11:21:05.006595
INFO:root:faces: 0 at 2020-06-19 11:21:05.495639
INFO:root:faces: 1 at 2020-06-19 11:21:05.574640
INFO:root:faces: 2 at 2020-06-19 11:21:07.112763
INFO:root:faces: 1 at 2020-06-19 11:21:07.301778
INFO:root:faces: 0 at 2020-06-19 11:21:07.497793
INFO:root:faces: 1 at 2020-06-19 11:21:08.981911
INFO:root:faces: 0 at 2020-06-19 11:21:09.052918
INFO:root:faces: 1 at 2020-06-19 11:21:09.435948
INFO:root:faces: 0 at 2020-06-19 11:21:09.505953
INFO:root:faces: 1 at 2020-06-19 11:21:09.794978
INFO:root:faces: 0 at 2020-06-19 11:21:09.866981
INFO:root:faces: 1 at 2020-06-19 11:21:10.217008
INFO:root:faces: 0 at 2020-06-19 11:21:10.305017
INFO:root:faces: 1 at 2020-06-19 11:21:10.389024
INFO:root:faces: 0 at 2020-06-19 11:21:10.462030
INFO:root:faces: 1 at 2020-06-19 11:21:10.532035
INFO:root:faces: 0 at 2020-06-19 11:21:10.608041
INFO:root:faces: 1 at 2020-06-19 11:21:10.748051
INFO:root:faces: 0 at 2020-06-19 11:21:10.821057
INFO:root:faces: 1 at 2020-06-19 11:21:11.550117
INFO:root:faces: 0 at 2020-06-19 11:21:11.686126
INFO:root:faces: 1 at 2020-06-19 11:21:11.752131
INFO:root:faces: 0 at 2020-06-19 11:21:11.818137
INFO:root:faces: 1 at 2020-06-19 11:21:12.082157
INFO:root:faces: 0 at 2020-06-19 11:21:12.149164
INFO:root:faces: 1 at 2020-06-19 11:21:12.367179
INFO:root:faces: 0 at 2020-06-19 11:21:12.443187
INFO:root:faces: 1 at 2020-06-19 11:21:12.724208
INFO:root:faces: 0 at 2020-06-19 11:21:12.791215
INFO:root:faces: 1 at 2020-06-19 11:21:13.215248
INFO:root:faces: 0 at 2020-06-19 11:21:13.274253
INFO:root:faces: 1 at 2020-06-19 11:21:13.741303
INFO:root:faces: 2 at 2020-06-19 11:21:14.005721
INFO:root:faces: 3 at 2020-06-19 11:21:14.092728
INFO:root:faces: 1 at 2020-06-19 11:21:14.173733
INFO:root:faces: 0 at 2020-06-19 11:21:14.259740
INFO:root:faces: 1 at 2020-06-19 11:21:14.496760
INFO:root:faces: 2 at 2020-06-19 11:21:14.569765
INFO:root:faces: 0 at 2020-06-19 11:21:14.699776
INFO:root:faces: 1 at 2020-06-19 11:21:14.765781
INFO:root:faces: 0 at 2020-06-19 11:21:15.042803
INFO:root:faces: 1 at 2020-06-19 11:21:15.115809
INFO:root:faces: 0 at 2020-06-19 11:21:16.994959
INFO:root:faces: 1 at 2020-06-19 11:21:17.070963
INFO:root:faces: 0 at 2020-06-19 11:21:17.139970
INFO:root:faces: 1 at 2020-06-19 11:21:17.416745
INFO:root:faces: 0 at 2020-06-19 11:21:17.681765
INFO:root:faces: 1 at 2020-06-19 11:21:18.697863
INFO:root:faces: 0 at 2020-06-19 11:21:18.774869
INFO:root:faces: 1 at 2020-06-19 11:21:18.848880
INFO:root:faces: 0 at 2020-06-19 11:21:19.076893
INFO:root:faces: 1 at 2020-06-19 11:21:19.149899
INFO:root:faces: 0 at 2020-06-19 11:21:19.381918
INFO:root:faces: 1 at 2020-06-19 11:21:19.454924
INFO:root:faces: 0 at 2020-06-19 11:21:19.613937
INFO:root:faces: 1 at 2020-06-19 11:21:19.692941
INFO:root:faces: 0 at 2020-06-19 11:21:19.787951
INFO:root:faces: 1 at 2020-06-19 11:21:20.821031
INFO:root:faces: 0 at 2020-06-19 11:21:20.901041
INFO:root:faces: 1 at 2020-06-19 11:21:20.983047
INFO:root:faces: 2 at 2020-06-19 11:21:21.919119
INFO:root:faces: 1 at 2020-06-19 11:21:22.242145
INFO:root:faces: 0 at 2020-06-19 11:21:22.307150
INFO:root:faces: 1 at 2020-06-19 11:21:22.378155
INFO:root:faces: 2 at 2020-06-19 11:21:22.775187
INFO:root:faces: 1 at 2020-06-19 11:21:22.859195
INFO:root:faces: 1 at 2020-06-19 11:24:57.174767
INFO:root:faces: 2 at 2020-06-19 11:24:57.238772
INFO:root:faces: 1 at 2020-06-19 11:24:57.356781
INFO:root:faces: 0 at 2020-06-19 11:24:57.419786
INFO:root:faces: 1 at 2020-06-19 11:24:57.481792
INFO:root:faces: 0 at 2020-06-19 11:24:57.669805
INFO:root:faces: 1 at 2020-06-19 11:24:57.730811
INFO:root:faces: 0 at 2020-06-19 11:24:57.929725
INFO:root:faces: 1 at 2020-06-19 11:24:57.990730
INFO:root:faces: 0 at 2020-06-19 11:24:58.357760
INFO:root:faces: 1 at 2020-06-19 11:24:58.474769
INFO:root:faces: 2 at 2020-06-19 11:24:58.540774
INFO:root:faces: 1 at 2020-06-19 11:24:58.716787
INFO:root:faces: 2 at 2020-06-19 11:24:58.835797
INFO:root:faces: 0 at 2020-06-19 11:24:59.194826
INFO:root:faces: 1 at 2020-06-19 11:24:59.275822
INFO:root:faces: 0 at 2020-06-19 11:24:59.401834
INFO:root:faces: 1 at 2020-06-19 11:24:59.463837
INFO:root:faces: 0 at 2020-06-19 11:24:59.659853
INFO:root:faces: 1 at 2020-06-19 11:25:00.430915
INFO:root:faces: 0 at 2020-06-19 11:25:00.496921
INFO:root:faces: 1 at 2020-06-19 11:25:00.841948
INFO:root:faces: 0 at 2020-06-19 11:25:00.983960
INFO:root:faces: 1 at 2020-06-19 11:25:01.767021
INFO:root:faces: 0 at 2020-06-19 11:25:01.823025
INFO:root:faces: 1 at 2020-06-19 11:25:01.890032
INFO:root:faces: 0 at 2020-06-19 11:25:02.018041
INFO:root:faces: 1 at 2020-06-19 11:25:02.399070
INFO:root:faces: 0 at 2020-06-19 11:25:02.537082
INFO:root:faces: 1 at 2020-06-19 11:25:03.026121
INFO:root:faces: 0 at 2020-06-19 11:25:03.169133
INFO:root:faces: 1 at 2020-06-19 11:25:03.313144
INFO:root:faces: 0 at 2020-06-19 11:25:03.455156
INFO:root:faces: 1 at 2020-06-19 11:25:03.592167
INFO:root:faces: 0 at 2020-06-19 11:25:03.657173
INFO:root:faces: 1 at 2020-06-19 11:25:03.793182
INFO:root:faces: 0 at 2020-06-19 11:25:03.858189
INFO:root:faces: 1 at 2020-06-19 11:25:05.368308
INFO:root:faces: 0 at 2020-06-19 11:25:05.426312
INFO:root:faces: 1 at 2020-06-19 11:25:05.617762
INFO:root:faces: 0 at 2020-06-19 11:25:05.812777
INFO:root:faces: 1 at 2020-06-19 11:25:06.038796
INFO:root:faces: 0 at 2020-06-19 11:25:06.256813
INFO:root:faces: 1 at 2020-06-19 11:25:06.333820
INFO:root:faces: 2 at 2020-06-19 11:25:06.411826
INFO:root:faces: 0 at 2020-06-19 11:25:06.472830
INFO:root:faces: 1 at 2020-06-19 11:25:06.733851
INFO:root:faces: 0 at 2020-06-19 11:25:06.801857
INFO:root:faces: 1 at 2020-06-19 11:25:06.936866
INFO:root:faces: 2 at 2020-06-19 11:25:07.138882
INFO:root:faces: 1 at 2020-06-19 11:25:07.210890
INFO:root:faces: 2 at 2020-06-19 11:25:07.279895
INFO:root:faces: 1 at 2020-06-19 11:25:07.350900
INFO:root:faces: 2 at 2020-06-19 11:25:07.499913
INFO:root:faces: 1 at 2020-06-19 11:25:07.569917
INFO:root:faces: 2 at 2020-06-19 11:25:07.641924
INFO:root:faces: 1 at 2020-06-19 11:25:07.719916
INFO:root:faces: 2 at 2020-06-19 11:25:08.069942
INFO:root:faces: 1 at 2020-06-19 11:25:08.142948
INFO:root:faces: 2 at 2020-06-19 11:25:08.370967
INFO:root:faces: 1 at 2020-06-19 11:25:11.494217
INFO:root:faces: 2 at 2020-06-19 11:25:11.570222
INFO:root:faces: 1 at 2020-06-19 11:25:12.084264
INFO:root:faces: 2 at 2020-06-19 11:25:12.157269
INFO:root:faces: 1 at 2020-06-19 11:25:12.234277
INFO:root:faces: 2 at 2020-06-19 11:25:12.526298
INFO:root:faces: 1 at 2020-06-19 11:25:12.602304
INFO:root:faces: 2 at 2020-06-19 11:25:12.812321
INFO:root:faces: 3 at 2020-06-19 11:25:12.958333
INFO:root:faces: 2 at 2020-06-19 11:25:13.028339
INFO:root:faces: 1 at 2020-06-19 11:25:13.163349
INFO:root:faces: 3 at 2020-06-19 11:25:13.234354
INFO:root:faces: 0 at 2020-06-19 11:25:13.377365
INFO:root:faces: 1 at 2020-06-19 11:25:13.509375
INFO:root:faces: 2 at 2020-06-19 11:25:13.576386
INFO:root:faces: 1 at 2020-06-19 11:25:13.641387
INFO:root:faces: 2 at 2020-06-19 11:25:13.906408
INFO:root:faces: 1 at 2020-06-19 11:25:13.975413
INFO:root:faces: 1 at 2020-06-19 11:25:42.264822
INFO:root:faces: 0 at 2020-06-19 11:25:42.326828
INFO:root:faces: 1 at 2020-06-19 11:25:42.743860
INFO:root:faces: 0 at 2020-06-19 11:25:42.803865
INFO:root:faces: 1 at 2020-06-19 11:25:42.866871
INFO:root:faces: 0 at 2020-06-19 11:25:43.289904
INFO:root:faces: 2 at 2020-06-19 11:25:43.354910
INFO:root:faces: 1 at 2020-06-19 11:25:43.420914
INFO:root:faces: 0 at 2020-06-19 11:25:43.483920
INFO:root:faces: 1 at 2020-06-19 11:25:43.553925
INFO:root:faces: 0 at 2020-06-19 11:25:43.875950
INFO:root:faces: 1 at 2020-06-19 11:25:44.329986
INFO:root:faces: 0 at 2020-06-19 11:25:44.391992
INFO:root:faces: 1 at 2020-06-19 11:25:44.716018
INFO:root:faces: 0 at 2020-06-19 11:25:44.842027
INFO:root:faces: 1 at 2020-06-19 11:25:45.225063
INFO:root:faces: 1 at 2020-06-19 11:25:51.894320
INFO:root:faces: 2 at 2020-06-19 11:25:52.022329
INFO:root:faces: 0 at 2020-06-19 11:25:52.150341
INFO:root:faces: 1 at 2020-06-19 11:25:52.213345
INFO:root:faces: 0 at 2020-06-19 11:25:52.330355
INFO:root:faces: 1 at 2020-06-19 11:25:52.443383
INFO:root:faces: 0 at 2020-06-19 11:25:52.563382
INFO:root:faces: 1 at 2020-06-19 11:25:52.625386
INFO:root:faces: 0 at 2020-06-19 11:25:52.757396
INFO:root:faces: 1 at 2020-06-19 11:25:52.873406
INFO:root:faces: 2 at 2020-06-19 11:25:53.069421
INFO:root:faces: 0 at 2020-06-19 11:25:53.139428
INFO:root:faces: 1 at 2020-06-19 11:25:53.209433
INFO:root:faces: 2 at 2020-06-19 11:25:53.473454
INFO:root:faces: 1 at 2020-06-19 11:25:53.536460
INFO:root:faces: 2 at 2020-06-19 11:25:53.797481
INFO:root:faces: 1 at 2020-06-19 11:25:53.864486
INFO:root:faces: 2 at 2020-06-19 11:25:54.336000
INFO:root:faces: 1 at 2020-06-19 11:25:54.403973
INFO:root:faces: 0 at 2020-06-19 11:25:54.467978
INFO:root:faces: 1 at 2020-06-19 11:25:54.596988
INFO:root:faces: 0 at 2020-06-19 11:25:54.739016
INFO:root:faces: 1 at 2020-06-19 11:25:54.934981
INFO:root:faces: 0 at 2020-06-19 11:25:55.343012
INFO:root:faces: 1 at 2020-06-19 11:25:55.407018
INFO:root:faces: 0 at 2020-06-19 11:25:55.873243
INFO:root:faces: 1 at 2020-06-19 11:26:45.531201
INFO:root:faces: 0 at 2020-06-19 11:26:45.676213
INFO:root:faces: 1 at 2020-06-19 11:26:45.761219
INFO:root:faces: 0 at 2020-06-19 11:26:45.929231
INFO:root:faces: 1 at 2020-06-19 11:26:46.172251
INFO:root:faces: 0 at 2020-06-19 11:26:46.334265
INFO:root:faces: 1 at 2020-06-19 11:26:46.584284
INFO:root:faces: 0 at 2020-06-19 11:26:46.759299
INFO:root:faces: 1 at 2020-06-19 11:26:46.844305
INFO:root:faces: 0 at 2020-06-19 11:26:47.960395
INFO:root:faces: 1 at 2020-06-19 11:26:48.050401
INFO:root:faces: 0 at 2020-06-19 11:26:48.479435
INFO:root:faces: 1 at 2020-06-19 11:26:48.739456
INFO:root:faces: 0 at 2020-06-19 11:26:48.984477
INFO:root:faces: 1 at 2020-06-19 11:26:49.053482
INFO:root:faces: 0 at 2020-06-19 11:26:49.111487
INFO:root:faces: 2 at 2020-06-19 11:26:49.161490
INFO:root:faces: 1 at 2020-06-19 11:26:49.211496
INFO:root:faces: 0 at 2020-06-19 11:26:49.289500
INFO:root:faces: 1 at 2020-06-19 11:26:52.613499
INFO:root:faces: 0 at 2020-06-19 11:26:52.743509
INFO:root:faces: 1 at 2020-06-19 11:26:52.951547
INFO:root:faces: 0 at 2020-06-19 11:26:53.023532
INFO:root:faces: 1 at 2020-06-19 11:26:53.089537
INFO:root:faces: 0 at 2020-06-19 11:26:53.159541
INFO:root:faces: 1 at 2020-06-19 11:26:53.230548
INFO:root:faces: 2 at 2020-06-19 11:26:53.364558
INFO:root:faces: 1 at 2020-06-19 11:26:53.430564
INFO:root:faces: 2 at 2020-06-19 11:26:53.495569
INFO:root:faces: 1 at 2020-06-19 11:26:53.773590
INFO:root:faces: 2 at 2020-06-19 11:26:53.853598
INFO:root:faces: 2 at 2020-06-19 11:27:45.043462
INFO:root:faces: 1 at 2020-06-19 11:27:45.259485
INFO:root:faces: 2 at 2020-06-19 11:27:45.467502
INFO:root:faces: 1 at 2020-06-19 11:27:45.540508
INFO:root:faces: 2 at 2020-06-19 11:27:45.752531
INFO:root:faces: 1 at 2020-06-19 11:27:45.822538
INFO:root:faces: 2 at 2020-06-19 11:27:46.144562
INFO:root:faces: 1 at 2020-06-19 11:27:46.226570
INFO:root:faces: 2 at 2020-06-19 11:27:46.295574
INFO:root:faces: 1 at 2020-06-19 11:27:46.366580
INFO:root:faces: 1 at 2020-06-19 11:31:30.061101
INFO:root:faces: 2 at 2020-06-19 11:31:30.176083
INFO:root:faces: 1 at 2020-06-19 11:31:30.241073
INFO:root:faces: 2 at 2020-06-19 11:31:30.311060
INFO:root:faces: 1 at 2020-06-19 11:31:30.383050
INFO:root:faces: 0 at 2020-06-19 11:31:30.605013
INFO:root:faces: 1 at 2020-06-19 11:31:32.153954
INFO:root:faces: 0 at 2020-06-19 11:31:32.197947
INFO:root:faces: 1 at 2020-06-19 11:31:33.905418
INFO:root:faces: 0 at 2020-06-19 11:31:34.297683
INFO:root:faces: 1 at 2020-06-19 11:31:34.885235
INFO:root:faces: 0 at 2020-06-19 11:31:34.973220
INFO:root:faces: 2 at 2020-06-19 11:31:35.021212
INFO:root:faces: 1 at 2020-06-19 11:31:35.085039
INFO:root:faces: 0 at 2020-06-19 11:31:35.183025
INFO:root:faces: 1 at 2020-06-19 11:31:35.237015
INFO:root:faces: 0 at 2020-06-19 11:31:35.300011
INFO:root:faces: 1 at 2020-06-19 11:31:35.422986
INFO:root:faces: 0 at 2020-06-19 11:31:36.015900
INFO:root:faces: 1 at 2020-06-19 11:31:36.272754
INFO:root:faces: 0 at 2020-06-19 11:31:36.355740
INFO:root:faces: 1 at 2020-06-19 11:31:36.905004
INFO:root:faces: 0 at 2020-06-19 11:31:36.945012
INFO:root:faces: 1 at 2020-06-19 11:31:37.178961
INFO:root:faces: 2 at 2020-06-19 11:31:37.367952
INFO:root:faces: 1 at 2020-06-19 11:31:37.425479
INFO:root:faces: 0 at 2020-06-19 11:31:37.555457
INFO:root:faces: 1 at 2020-06-19 11:31:37.620433
INFO:root:faces: 0 at 2020-06-19 11:31:37.757410
INFO:root:faces: 1 at 2020-06-19 11:31:38.186333
INFO:root:faces: 0 at 2020-06-19 11:31:38.234326
INFO:root:faces: 1 at 2020-06-19 11:31:40.153933
INFO:root:faces: 0 at 2020-06-19 11:31:40.214923
INFO:root:faces: 1 at 2020-06-19 11:31:40.366899
INFO:root:faces: 2 at 2020-06-19 11:31:40.445887
INFO:root:faces: 0 at 2020-06-19 11:31:40.610858
INFO:root:faces: 1 at 2020-06-19 11:31:40.777831
INFO:root:faces: 0 at 2020-06-19 11:31:41.215760
INFO:root:faces: 1 at 2020-06-19 11:31:41.297747
INFO:root:faces: 0 at 2020-06-19 11:31:41.553703
INFO:root:faces: 1 at 2020-06-19 11:31:41.635689
INFO:root:faces: 0 at 2020-06-19 11:31:41.960637
INFO:root:faces: 1 at 2020-06-19 11:31:42.047622
INFO:root:faces: 0 at 2020-06-19 11:31:42.535542
INFO:root:faces: 1 at 2020-06-19 11:31:42.617528
INFO:root:faces: 0 at 2020-06-19 11:31:43.183436
INFO:root:faces: 1 at 2020-06-19 11:31:43.267422
INFO:root:faces: 2 at 2020-06-19 11:31:43.431395
INFO:root:faces: 1 at 2020-06-19 11:31:43.509381
INFO:root:faces: 0 at 2020-06-19 11:31:43.658364
INFO:root:faces: 1 at 2020-06-19 11:31:45.435065
INFO:root:faces: 0 at 2020-06-19 11:31:46.012969
INFO:root:faces: 1 at 2020-06-19 11:31:46.095957
INFO:root:faces: 0 at 2020-06-19 11:31:46.669862
INFO:root:faces: 1 at 2020-06-19 11:31:46.749848
INFO:root:faces: 0 at 2020-06-19 11:31:47.147784
INFO:root:faces: 1 at 2020-06-19 11:31:47.229769
INFO:root:faces: 2 at 2020-06-19 11:31:47.389744
INFO:root:faces: 1 at 2020-06-19 11:31:47.468730
INFO:root:faces: 0 at 2020-06-19 11:31:47.756682
INFO:root:faces: 1 at 2020-06-19 11:31:50.491369
INFO:root:faces: 0 at 2020-06-19 11:31:50.565366
INFO:root:faces: 1 at 2020-06-19 11:31:55.041260
INFO:root:faces: 0 at 2020-06-19 11:31:55.244226
INFO:root:faces: 1 at 2020-06-19 11:31:55.339209
INFO:root:faces: 0 at 2020-06-19 11:31:55.446193
INFO:root:faces: 2 at 2020-06-19 11:31:55.539177
INFO:root:faces: 1 at 2020-06-19 11:31:55.628163
INFO:root:faces: 3 at 2020-06-19 11:31:55.992104
INFO:root:faces: 1 at 2020-06-19 11:31:56.084087
INFO:root:faces: 0 at 2020-06-19 11:31:56.548011
INFO:root:faces: 1 at 2020-06-19 11:31:56.637997
INFO:root:faces: 2 at 2020-06-19 11:31:56.900956
INFO:root:faces: 1 at 2020-06-19 11:31:56.990939
INFO:root:faces: 0 at 2020-06-19 11:31:57.160910
INFO:root:faces: 1 at 2020-06-19 11:31:57.247896
INFO:root:faces: 0 at 2020-06-19 11:31:57.417869
INFO:root:faces: 1 at 2020-06-19 11:31:57.595840
INFO:root:faces: 0 at 2020-06-19 11:31:58.369712
INFO:root:faces: 1 at 2020-06-19 11:31:58.539684
INFO:root:faces: 0 at 2020-06-19 11:31:58.626670
INFO:root:faces: 1 at 2020-06-19 11:31:58.800641
INFO:root:faces: 0 at 2020-06-19 11:31:58.885627
INFO:root:faces: 1 at 2020-06-19 11:31:58.973613
INFO:root:faces: 0 at 2020-06-19 11:31:59.139585
INFO:root:faces: 1 at 2020-06-19 11:31:59.224571
INFO:root:faces: 2 at 2020-06-19 11:31:59.316557
INFO:root:faces: 1 at 2020-06-19 11:31:59.397543
INFO:root:faces: 0 at 2020-06-19 11:31:59.518523
INFO:root:faces: 1 at 2020-06-19 11:32:00.096087
INFO:root:faces: 0 at 2020-06-19 11:32:00.231066
INFO:root:faces: 1 at 2020-06-19 11:32:01.593840
INFO:root:faces: 2 at 2020-06-19 11:32:01.753814
INFO:root:faces: 1 at 2020-06-19 11:32:02.063763
INFO:root:faces: 0 at 2020-06-19 11:32:02.734653
INFO:root:faces: 1 at 2020-06-19 11:32:03.369548
INFO:root:faces: 0 at 2020-06-19 11:32:03.429539
INFO:root:faces: 1 at 2020-06-19 11:32:20.630111
INFO:root:faces: 0 at 2020-06-19 11:32:20.692100
INFO:root:faces: 1 at 2020-06-19 11:32:21.248009
INFO:root:faces: 0 at 2020-06-19 11:32:21.307000
INFO:root:faces: 1 at 2020-06-19 11:32:21.376996
INFO:root:faces: 0 at 2020-06-19 11:32:21.494975
INFO:root:faces: 1 at 2020-06-19 11:32:22.737667
INFO:root:faces: 0 at 2020-06-19 11:32:22.799657
INFO:root:faces: 1 at 2020-06-19 11:32:23.243583
INFO:root:faces: 0 at 2020-06-19 11:32:23.320572
INFO:root:faces: 1 at 2020-06-19 11:32:24.450228
INFO:root:faces: 0 at 2020-06-19 11:32:24.617202
INFO:root:faces: 1 at 2020-06-19 11:32:24.673192
INFO:root:faces: 1 at 2020-06-22 22:30:34.757631
INFO:root:faces: 0 at 2020-06-22 22:30:36.280062
INFO:root:faces: 1 at 2020-06-22 22:30:36.327069
INFO:root:faces: 0 at 2020-06-22 22:30:36.400073
INFO:root:faces: 1 at 2020-06-22 22:30:36.677094
INFO:root:faces: 0 at 2020-06-22 22:30:36.733097
INFO:root:faces: 1 at 2020-06-22 22:30:38.540480
INFO:root:faces: 0 at 2020-06-22 22:30:38.602475
INFO:root:faces: 1 at 2020-06-22 22:30:45.501529
INFO:root:faces: 0 at 2020-06-22 22:30:45.643519
INFO:root:faces: 1 at 2020-06-22 22:30:45.725525
INFO:root:faces: 0 at 2020-06-22 22:30:46.465517
INFO:root:faces: 1 at 2020-06-22 22:30:46.506521
INFO:root:faces: 0 at 2020-06-22 22:30:46.776528
INFO:root:faces: 1 at 2020-06-22 22:30:46.909538
INFO:root:faces: 0 at 2020-06-22 22:30:46.995544
INFO:root:faces: 1 at 2020-06-22 22:30:47.195399
INFO:root:faces: 0 at 2020-06-22 22:30:47.251419
INFO:root:faces: 1 at 2020-06-22 22:30:47.336425
INFO:root:faces: 2 at 2020-06-22 22:30:48.124421
INFO:root:faces: 1 at 2020-06-22 22:30:48.196425
INFO:root:faces: 0 at 2020-06-22 22:30:48.554454
INFO:root:faces: 1 at 2020-06-22 22:30:48.601459
INFO:root:faces: 0 at 2020-06-22 22:30:48.953531
INFO:root:faces: 1 at 2020-06-22 22:30:49.001535
INFO:root:faces: 2 at 2020-06-22 22:30:49.923547
INFO:root:faces: 1 at 2020-06-22 22:30:50.025556
INFO:root:faces: 0 at 2020-06-22 22:30:51.009539
INFO:root:faces: 1 at 2020-06-22 22:30:51.662561
INFO:root:faces: 1 at 2020-06-22 22:32:24.043974
INFO:root:faces: 1 at 2020-06-22 22:41:39.196206
INFO:root:faces: 0 at 2020-06-22 22:41:43.672564
INFO:root:faces: 1 at 2020-06-22 22:41:44.173602
INFO:root:faces: 0 at 2020-06-22 22:41:44.379625
INFO:root:faces: 1 at 2020-06-22 22:41:44.723645
INFO:root:faces: 0 at 2020-06-22 22:41:44.799652
INFO:root:faces: 1 at 2020-06-22 22:41:45.087675
INFO:root:faces: 0 at 2020-06-22 22:41:45.200686
INFO:root:faces: 1 at 2020-06-22 22:41:45.283690
INFO:root:faces: 0 at 2020-06-22 22:41:45.333696
INFO:root:faces: 1 at 2020-06-22 22:41:45.475705
INFO:root:faces: 2 at 2020-06-22 22:41:47.540872
INFO:root:faces: 1 at 2020-06-22 22:41:47.641878
INFO:root:faces: 0 at 2020-06-22 22:41:47.756888
INFO:root:faces: 2 at 2020-06-22 22:41:47.847895
INFO:root:faces: 1 at 2020-06-22 22:41:47.891898
INFO:root:faces: 0 at 2020-06-22 22:41:48.024911
INFO:root:faces: 1 at 2020-06-22 22:41:48.086913
INFO:root:faces: 0 at 2020-06-22 22:41:48.275928
INFO:root:faces: 1 at 2020-06-22 22:41:48.355936
INFO:root:faces: 0 at 2020-06-22 22:41:48.403938
INFO:root:faces: 1 at 2020-06-22 22:41:48.548950
INFO:root:faces: 0 at 2020-06-22 22:41:48.699974
INFO:root:faces: 1 at 2020-06-22 22:41:48.744967
INFO:root:faces: 0 at 2020-06-22 22:41:48.919981
INFO:root:faces: 1 at 2020-06-22 22:41:48.964984
INFO:root:faces: 0 at 2020-06-22 22:41:49.146999
INFO:root:faces: 1 at 2020-06-22 22:41:49.217005
INFO:root:faces: 0 at 2020-06-22 22:41:49.304010
INFO:root:faces: 1 at 2020-06-22 22:41:49.443022
INFO:root:faces: 0 at 2020-06-22 22:41:49.487027
INFO:root:faces: 1 at 2020-06-22 22:41:49.631037
INFO:root:faces: 0 at 2020-06-22 22:41:49.892059
INFO:root:faces: 1 at 2020-06-22 22:41:50.041073
INFO:root:faces: 0 at 2020-06-22 22:41:50.140078
INFO:root:faces: 1 at 2020-06-22 22:41:50.297095
INFO:root:faces: 0 at 2020-06-22 22:41:54.964462
INFO:root:faces: 1 at 2020-06-22 22:41:55.446501
INFO:root:faces: 0 at 2020-06-22 22:41:55.712523
INFO:root:faces: 1 at 2020-06-22 22:42:02.468063
INFO:werkzeug:127.0.0.1 - - [22/Jun/2020 22:42:03] "[35m[1mGET /AMITS HTTP/1.1[0m" 500 -
INFO:werkzeug:127.0.0.1 - - [22/Jun/2020 22:42:05] "[37mGET /AMITS?__debugger__=yes&cmd=resource&f=style.css HTTP/1.1[0m" 200 -
INFO:werkzeug:127.0.0.1 - - [22/Jun/2020 22:42:05] "[37mGET /AMITS?__debugger__=yes&cmd=resource&f=debugger.js HTTP/1.1[0m" 200 -
INFO:werkzeug:127.0.0.1 - - [22/Jun/2020 22:42:06] "[37mGET /AMITS?__debugger__=yes&cmd=resource&f=jquery.js HTTP/1.1[0m" 200 -
INFO:werkzeug:127.0.0.1 - - [22/Jun/2020 22:42:06] "[37mGET /AMITS?__debugger__=yes&cmd=resource&f=ubuntu.ttf HTTP/1.1[0m" 200 -
INFO:werkzeug:127.0.0.1 - - [22/Jun/2020 22:42:06] "[37mGET /AMITS?__debugger__=yes&cmd=resource&f=console.png HTTP/1.1[0m" 200 -
INFO:werkzeug:127.0.0.1 - - [22/Jun/2020 22:42:07] "[37mGET /AMITS?__debugger__=yes&cmd=resource&f=console.png HTTP/1.1[0m" 200 -
INFO:root:faces: 1 at 2020-06-22 22:44:37.330405
INFO:root:faces: 0 at 2020-06-22 22:44:37.411411
INFO:root:faces: 1 at 2020-06-22 22:44:39.301430
INFO:root:faces: 0 at 2020-06-22 22:44:39.348417
INFO:root:faces: 1 at 2020-06-22 22:44:40.082420
INFO:root:faces: 0 at 2020-06-22 22:44:44.730328
INFO:root:faces: 1 at 2020-06-22 22:44:44.778332
INFO:root:faces: 0 at 2020-06-22 22:44:44.973445
INFO:root:faces: 1 at 2020-06-22 22:44:45.245457
INFO:root:faces: 0 at 2020-06-22 22:44:46.042489
INFO:root:faces: 1 at 2020-06-22 22:44:46.103448
INFO:root:faces: 1 at 2020-06-22 22:46:47.483463
INFO:root:faces: 0 at 2020-06-22 22:46:47.559470
INFO:root:faces: 1 at 2020-06-22 22:46:47.610398
INFO:root:faces: 0 at 2020-06-22 22:46:48.627051
INFO:root:faces: 1 at 2020-06-22 22:46:48.722059
INFO:root:faces: 0 at 2020-06-22 22:46:54.473316
INFO:root:faces: 1 at 2020-06-22 22:46:54.519318
INFO:root:faces: 0 at 2020-06-22 22:46:54.871060
INFO:root:faces: 1 at 2020-06-22 22:46:55.066077
INFO:root:faces: 0 at 2020-06-22 22:46:55.207369
INFO:root:faces: 1 at 2020-06-22 22:46:55.252373
INFO:root:faces: 0 at 2020-06-22 22:46:55.310062
INFO:root:faces: 1 at 2020-06-22 22:48:32.315707
INFO:root:faces: 0 at 2020-06-22 22:48:32.524518
INFO:root:faces: 1 at 2020-06-22 22:48:32.606522
INFO:root:faces: 1 at 2020-06-22 23:00:04.766716
INFO:root:faces: 1 at 2020-06-22 23:01:07.378760
INFO:root:faces: 1 at 2020-06-22 23:02:07.199353
INFO:root:faces: 0 at 2020-06-22 23:02:07.275387
INFO:root:faces: 1 at 2020-06-22 23:02:07.326351
INFO:root:faces: 0 at 2020-06-22 23:02:07.727338
INFO:root:faces: 1 at 2020-06-22 23:02:11.488579
INFO:root:faces: 1 at 2020-06-22 23:05:15.585212
INFO:root:faces: 1 at 2020-06-22 23:05:50.678401
INFO:root:faces: 1 at 2020-06-22 23:07:47.504939
INFO:root:faces: 1 at 2020-06-22 23:09:36.198952
INFO:werkzeug:127.0.0.1 - - [22/Jun/2020 23:09:39] "[35m[1mGET /AMITS HTTP/1.1[0m" 500 -
INFO:werkzeug:127.0.0.1 - - [22/Jun/2020 23:09:39] "[37mGET /AMITS?__debugger__=yes&cmd=resource&f=style.css HTTP/1.1[0m" 200 -
INFO:werkzeug:127.0.0.1 - - [22/Jun/2020 23:09:39] "[37mGET /AMITS?__debugger__=yes&cmd=resource&f=jquery.js HTTP/1.1[0m" 200 -
INFO:werkzeug:127.0.0.1 - - [22/Jun/2020 23:09:39] "[37mGET /AMITS?__debugger__=yes&cmd=resource&f=debugger.js HTTP/1.1[0m" 200 -
INFO:werkzeug:127.0.0.1 - - [22/Jun/2020 23:09:39] "[37mGET /AMITS?__debugger__=yes&cmd=resource&f=ubuntu.ttf HTTP/1.1[0m" 200 -
INFO:werkzeug:127.0.0.1 - - [22/Jun/2020 23:09:39] "[37mGET /AMITS?__debugger__=yes&cmd=resource&f=console.png HTTP/1.1[0m" 200 -
INFO:werkzeug: * Detected change in 'c:\\Users\\acer\\Desktop\\Social media\\main.py', reloading
INFO:root:faces: 1 at 2020-06-22 23:18:03.790281
INFO:werkzeug:127.0.0.1 - - [22/Jun/2020 23:18:06] "[32mGET /AMITS HTTP/1.1[0m" 302 -
INFO:werkzeug:127.0.0.1 - - [22/Jun/2020 23:18:07] "[37mGET /Social HTTP/1.1[0m" 200 -
INFO:werkzeug:127.0.0.1 - - [22/Jun/2020 23:18:15] "[37mGET /Social HTTP/1.1[0m" 200 -
INFO:root:faces: 1 at 2020-06-22 23:18:44.553853
INFO:werkzeug:127.0.0.1 - - [22/Jun/2020 23:18:49] "[32mGET /AMITS HTTP/1.1[0m" 302 -
INFO:werkzeug:127.0.0.1 - - [22/Jun/2020 23:18:49] "[37mGET /Social HTTP/1.1[0m" 200 -
INFO:werkzeug: * Detected change in 'c:\\Users\\acer\\Desktop\\Social media\\main.py', reloading
INFO:root:faces: 1 at 2020-06-22 23:28:46.572374
INFO:werkzeug:127.0.0.1 - - [22/Jun/2020 23:28:49] "[32mGET /AMITS HTTP/1.1[0m" 302 -
INFO:werkzeug:127.0.0.1 - - [22/Jun/2020 23:28:49] "[37mGET /Social HTTP/1.1[0m" 200 -
INFO:werkzeug:127.0.0.1 - - [22/Jun/2020 23:28:53] "[37mGET /Social HTTP/1.1[0m" 200 -
INFO:werkzeug: * Detected change in 'c:\\Users\\acer\\Desktop\\Social media\\main.py', reloading
INFO:root:faces: 1 at 2020-06-22 23:38:29.216688
INFO:werkzeug:127.0.0.1 - - [22/Jun/2020 23:38:38] "[32mGET /AMITS HTTP/1.1[0m" 302 -
INFO:werkzeug:127.0.0.1 - - [22/Jun/2020 23:38:38] "[37mGET /Social HTTP/1.1[0m" 200 -
INFO:werkzeug: * Detected change in 'c:\\Users\\acer\\Desktop\\Social media\\main.py', reloading
INFO:root:faces: 1 at 2020-06-22 23:49:24.046956
INFO:root:faces: 0 at 2020-06-22 23:49:24.096959
INFO:root:faces: 1 at 2020-06-22 23:49:24.550997
INFO:root:faces: 0 at 2020-06-22 23:49:24.726016
INFO:root:faces: 1 at 2020-06-22 23:49:28.424304
INFO:werkzeug:127.0.0.1 - - [22/Jun/2020 23:49:31] "[32mGET /AMITS HTTP/1.1[0m" 302 -
INFO:werkzeug:127.0.0.1 - - [22/Jun/2020 23:49:31] "[32mGET /Social HTTP/1.1[0m" 302 -
INFO:werkzeug:127.0.0.1 - - [22/Jun/2020 23:49:55] "[37mGET / HTTP/1.1[0m" 200 -
INFO:werkzeug:127.0.0.1 - - [22/Jun/2020 23:49:55] "[37mGET / HTTP/1.1[0m" 200 -
INFO:werkzeug:127.0.0.1 - - [22/Jun/2020 23:49:57] "[32mGET /Social HTTP/1.1[0m" 302 -
INFO:werkzeug: * Detected change in 'c:\\Users\\acer\\Desktop\\Social media\\main.py', reloading
INFO:root:faces: 1 at 2020-06-23 00:16:57.569678
INFO:root:faces: 0 at 2020-06-23 00:17:00.837770
INFO:root:faces: 1 at 2020-06-23 00:17:00.888775
INFO:root:faces: 0 at 2020-06-23 00:17:00.985226
INFO:root:faces: 1 at 2020-06-23 00:17:01.199251
INFO:werkzeug:127.0.0.1 - - [23/Jun/2020 00:17:04] "[32mGET /AMITS HTTP/1.1[0m" 302 -
INFO:werkzeug:127.0.0.1 - - [23/Jun/2020 00:17:04] "[37mGET /Social HTTP/1.1[0m" 200 -
INFO:werkzeug:127.0.0.1 - - [23/Jun/2020 00:17:11] "[37mGET /Social HTTP/1.1[0m" 200 -
INFO:werkzeug:127.0.0.1 - - [23/Jun/2020 00:17:22] "[31m[1mPOST /Social HTTP/1.1[0m" 405 -
INFO:werkzeug:127.0.0.1 - - [23/Jun/2020 00:17:26] "[37mGET /Social HTTP/1.1[0m" 200 -
INFO:werkzeug:127.0.0.1 - - [23/Jun/2020 00:19:07] "[31m[1mPOST /Social HTTP/1.1[0m" 405 -
INFO:werkzeug: * Detected change in 'c:\\Users\\acer\\Desktop\\Social media\\main.py', reloading
INFO:werkzeug:127.0.0.1 - - [26/Jun/2020 12:40:57] "[35m[1mGET /AMITS HTTP/1.1[0m" 500 -
INFO:werkzeug:127.0.0.1 - - [26/Jun/2020 12:40:57] "[37mGET /AMITS?__debugger__=yes&cmd=resource&f=style.css HTTP/1.1[0m" 200 -
INFO:werkzeug:127.0.0.1 - - [26/Jun/2020 12:40:57] "[37mGET /AMITS?__debugger__=yes&cmd=resource&f=debugger.js HTTP/1.1[0m" 200 -
INFO:werkzeug:127.0.0.1 - - [26/Jun/2020 12:40:57] "[37mGET /AMITS?__debugger__=yes&cmd=resource&f=jquery.js HTTP/1.1[0m" 200 -
INFO:werkzeug:127.0.0.1 - - [26/Jun/2020 12:40:58] "[37mGET /AMITS?__debugger__=yes&cmd=resource&f=ubuntu.ttf HTTP/1.1[0m" 200 -
INFO:werkzeug:127.0.0.1 - - [26/Jun/2020 12:40:58] "[37mGET /AMITS?__debugger__=yes&cmd=resource&f=console.png HTTP/1.1[0m" 200 -
INFO:werkzeug:127.0.0.1 - - [26/Jun/2020 12:40:58] "[37mGET /AMITS?__debugger__=yes&cmd=resource&f=console.png HTTP/1.1[0m" 200 -
INFO:werkzeug: * Detected change in 'c:\\Users\\acer\\Desktop\\Social media\\main.py', reloading
INFO:root:faces: 1 at 2020-06-26 12:47:44.176339
INFO:root:faces: 0 at 2020-06-26 12:47:44.235112
INFO:root:faces: 1 at 2020-06-26 12:47:44.856040
INFO:root:faces: 0 at 2020-06-26 12:47:44.920693
INFO:root:faces: 1 at 2020-06-26 12:47:45.148984
INFO:root:faces: 0 at 2020-06-26 12:47:46.084963
INFO:root:faces: 1 at 2020-06-26 12:47:46.137551
INFO:root:faces: 0 at 2020-06-26 12:47:46.243769
INFO:root:faces: 1 at 2020-06-26 12:47:46.643571
INFO:root:faces: 0 at 2020-06-26 12:47:46.752303
INFO:root:faces: 1 at 2020-06-26 12:47:46.812474
INFO:root:faces: 0 at 2020-06-26 12:47:46.919306
INFO:root:faces: 1 at 2020-06-26 12:47:47.031907
INFO:root:faces: 0 at 2020-06-26 12:47:47.321131
INFO:root:faces: 1 at 2020-06-26 12:47:47.427925
INFO:root:faces: 0 at 2020-06-26 12:47:47.806436
INFO:root:faces: 1 at 2020-06-26 12:47:47.882249
INFO:root:faces: 0 at 2020-06-26 12:47:48.391267
INFO:root:faces: 1 at 2020-06-26 12:47:48.448083
INFO:root:faces: 0 at 2020-06-26 12:47:48.504891
INFO:root:faces: 1 at 2020-06-26 12:47:48.723126
INFO:root:faces: 0 at 2020-06-26 12:47:48.778955
INFO:werkzeug:127.0.0.1 - - [26/Jun/2020 12:47:49] "[35m[1mGET /AMITS HTTP/1.1[0m" 500 -
INFO:werkzeug:127.0.0.1 - - [26/Jun/2020 12:47:49] "[37mGET /AMITS?__debugger__=yes&cmd=resource&f=style.css HTTP/1.1[0m" 200 -
INFO:werkzeug:127.0.0.1 - - [26/Jun/2020 12:47:49] "[37mGET /AMITS?__debugger__=yes&cmd=resource&f=jquery.js HTTP/1.1[0m" 200 -
INFO:werkzeug:127.0.0.1 - - [26/Jun/2020 12:47:49] "[37mGET /AMITS?__debugger__=yes&cmd=resource&f=debugger.js HTTP/1.1[0m" 200 -
INFO:werkzeug:127.0.0.1 - - [26/Jun/2020 12:47:49] "[37mGET /AMITS?__debugger__=yes&cmd=resource&f=ubuntu.ttf HTTP/1.1[0m" 200 -
INFO:werkzeug:127.0.0.1 - - [26/Jun/2020 12:47:50] "[37mGET /AMITS?__debugger__=yes&cmd=resource&f=console.png HTTP/1.1[0m" 200 -
INFO:werkzeug: * Detected change in 'c:\\Users\\acer\\Desktop\\Social media\\main.py', reloading
INFO:root:faces: 1 at 2020-06-26 12:49:02.764079
INFO:root:faces: 0 at 2020-06-26 12:49:16.729775
INFO:root:faces: 1 at 2020-06-26 12:49:16.794423
INFO:root:faces: 0 at 2020-06-26 12:49:16.852393
INFO:root:faces: 1 at 2020-06-26 12:49:18.915816
INFO:root:faces: 0 at 2020-06-26 12:49:18.975801
INFO:root:faces: 1 at 2020-06-26 12:49:19.285338
INFO:root:faces: 0 at 2020-06-26 12:49:20.501705
INFO:root:faces: 1 at 2020-06-26 12:49:20.577127
INFO:root:faces: 0 at 2020-06-26 12:49:20.641777
INFO:root:faces: 1 at 2020-06-26 12:49:20.906179
INFO:root:faces: 0 at 2020-06-26 12:49:21.115906
INFO:root:faces: 1 at 2020-06-26 12:49:21.188451
INFO:root:faces: 0 at 2020-06-26 12:49:21.607940
INFO:root:faces: 1 at 2020-06-26 12:49:46.056527
INFO:werkzeug:127.0.0.1 - - [26/Jun/2020 12:49:50] "[32mGET /AMITS HTTP/1.1[0m" 302 -
INFO:werkzeug:127.0.0.1 - - [26/Jun/2020 12:49:50] "[37mGET /index HTTP/1.1[0m" 200 -
INFO:werkzeug: * Detected change in 'c:\\Users\\acer\\Desktop\\Social media\\main.py', reloading
INFO:root:faces: 1 at 2020-06-27 03:18:17.535032
INFO:werkzeug:127.0.0.1 - - [27/Jun/2020 03:18:28] "[32mGET /AMITS HTTP/1.1[0m" 302 -
INFO:werkzeug:127.0.0.1 - - [27/Jun/2020 03:18:28] "[37mGET /index HTTP/1.1[0m" 200 -
INFO:werkzeug:127.0.0.1 - - [27/Jun/2020 03:19:07] "[37mGET /pppp HTTP/1.1[0m" 200 -
INFO:werkzeug:127.0.0.1 - - [27/Jun/2020 03:19:10] "[32mPOST /pppp HTTP/1.1[0m" 302 -
INFO:werkzeug:127.0.0.1 - - [27/Jun/2020 03:19:11] "[37mGET /map HTTP/1.1[0m" 200 -
INFO:werkzeug:127.0.0.1 - - [27/Jun/2020 03:19:11] "[33mGET /index.js HTTP/1.1[0m" 404 -
INFO:werkzeug:127.0.0.1 - - [27/Jun/2020 03:19:11] "[33mGET /index.js HTTP/1.1[0m" 404 -
INFO:werkzeug:127.0.0.1 - - [27/Jun/2020 03:19:25] "[37mGET /pppp HTTP/1.1[0m" 200 -
INFO:werkzeug:127.0.0.1 - - [27/Jun/2020 03:19:28] "[37mGET /map HTTP/1.1[0m" 200 -
INFO:werkzeug:127.0.0.1 - - [27/Jun/2020 03:19:28] "[33mGET /index.js HTTP/1.1[0m" 404 -
INFO:werkzeug:127.0.0.1 - - [27/Jun/2020 03:19:28] "[33mGET /index.js HTTP/1.1[0m" 404 -
INFO:werkzeug:127.0.0.1 - - [27/Jun/2020 03:20:24] "[37mGET /map HTTP/1.1[0m" 200 -
INFO:werkzeug:127.0.0.1 - - [27/Jun/2020 03:20:24] "[33mGET /index.js HTTP/1.1[0m" 404 -
INFO:werkzeug:127.0.0.1 - - [27/Jun/2020 03:21:46] "[37mGET /pppp HTTP/1.1[0m" 200 -
INFO:werkzeug:127.0.0.1 - - [27/Jun/2020 03:21:49] "[37mGET /Login HTTP/1.1[0m" 200 -
INFO:werkzeug:127.0.0.1 - - [27/Jun/2020 03:21:58] "[32mPOST /Login HTTP/1.1[0m" 302 -
INFO:werkzeug:127.0.0.1 - - [27/Jun/2020 03:21:58] "[37mGET /index HTTP/1.1[0m" 200 -
INFO:werkzeug:127.0.0.1 - - [27/Jun/2020 03:22:03] "[33mGET /mains HTTP/1.1[0m" 404 -
INFO:werkzeug:127.0.0.1 - - [27/Jun/2020 03:23:05] "[37mGET /post/new HTTP/1.1[0m" 200 -
INFO:werkzeug:127.0.0.1 - - [27/Jun/2020 03:23:44] "[32mPOST /post/new HTTP/1.1[0m" 302 -
INFO:werkzeug:127.0.0.1 - - [27/Jun/2020 03:23:45] "[37mGET /index HTTP/1.1[0m" 200 -
INFO:werkzeug:127.0.0.1 - - [27/Jun/2020 03:23:45] "[36mGET /static/profile%20picture/default.jpg HTTP/1.1[0m" 304 -
INFO:werkzeug:127.0.0.1 - - [27/Jun/2020 03:24:43] "[32mGET /logout HTTP/1.1[0m" 302 -
INFO:werkzeug:127.0.0.1 - - [27/Jun/2020 03:24:43] "[37mGET /index HTTP/1.1[0m" 200 -
INFO:root:faces: 1 at 2020-06-27 11:21:00.391723
INFO:werkzeug:127.0.0.1 - - [27/Jun/2020 11:21:07] "[32mGET /AMITS HTTP/1.1[0m" 302 -
INFO:werkzeug:127.0.0.1 - - [27/Jun/2020 11:21:07] "[37mGET /index HTTP/1.1[0m" 200 -
INFO:werkzeug:127.0.0.1 - - [27/Jun/2020 12:14:39] "[37mGET /index HTTP/1.1[0m" 200 -
INFO:werkzeug:127.0.0.1 - - [30/Jun/2020 13:40:56] "[32mGET /AMITS HTTP/1.1[0m" 302 -
INFO:werkzeug:127.0.0.1 - - [30/Jun/2020 13:40:56] "[37mGET /index HTTP/1.1[0m" 200 -
